TN:
SF:src/ExcelFormulaBeautifier.js
FN:8,(anonymous_0)
FN:14,(anonymous_1)
FN:20,(anonymous_2)
FN:30,(anonymous_3)
FN:68,(anonymous_4)
FN:91,(anonymous_5)
FN:125,(anonymous_6)
FN:150,(anonymous_7)
FN:168,(anonymous_8)
FN:248,(anonymous_9)
FN:290,(anonymous_10)
FN:330,(anonymous_11)
FN:396,(anonymous_12)
FN:409,(anonymous_13)
FN:423,(anonymous_14)
FN:439,(anonymous_15)
FN:465,(anonymous_16)
FN:495,(anonymous_17)
FN:562,(anonymous_18)
FN:585,(anonymous_19)
FN:601,(anonymous_20)
FN:622,(anonymous_21)
FN:645,(anonymous_22)
FN:661,(anonymous_23)
FN:664,(anonymous_24)
FNF:25
FNH:21
FNDA:0,(anonymous_0)
FNDA:0,(anonymous_1)
FNDA:0,(anonymous_2)
FNDA:21,(anonymous_3)
FNDA:17,(anonymous_4)
FNDA:16,(anonymous_5)
FNDA:16,(anonymous_6)
FNDA:14,(anonymous_7)
FNDA:14,(anonymous_8)
FNDA:14,(anonymous_9)
FNDA:23,(anonymous_10)
FNDA:17,(anonymous_11)
FNDA:14,(anonymous_12)
FNDA:9,(anonymous_13)
FNDA:5,(anonymous_14)
FNDA:1,(anonymous_15)
FNDA:7,(anonymous_16)
FNDA:5,(anonymous_17)
FNDA:1,(anonymous_18)
FNDA:12,(anonymous_19)
FNDA:1,(anonymous_20)
FNDA:4,(anonymous_21)
FNDA:4,(anonymous_22)
FNDA:2,(anonymous_23)
FNDA:0,(anonymous_24)
DA:7,1
DA:8,0
DA:9,0
DA:13,1
DA:14,0
DA:15,0
DA:19,1
DA:20,0
DA:21,0
DA:22,0
DA:23,0
DA:25,0
DA:32,21
DA:35,21
DA:36,21
DA:37,21
DA:38,21
DA:39,21
DA:40,21
DA:41,21
DA:44,21
DA:54,21
DA:55,21
DA:56,21
DA:57,21
DA:60,21
DA:69,17
DA:70,0
DA:71,0
DA:74,17
DA:75,17
DA:78,17
DA:79,1
DA:80,1
DA:83,16
DA:92,16
DA:93,16
DA:94,16
DA:96,16
DA:97,22
DA:98,19
DA:99,0
DA:101,19
DA:102,19
DA:105,3
DA:106,0
DA:107,0
DA:109,3
DA:110,3
DA:112,3
DA:117,16
DA:127,16
DA:128,16
DA:129,16
DA:130,16
DA:131,16
DA:132,16
DA:133,16
DA:135,16
DA:151,14
DA:152,153
DA:153,14
DA:156,0
DA:175,14
DA:176,0
DA:179,14
DA:181,14
DA:182,14
DA:183,14
DA:189,14
DA:190,4
DA:192,4
DA:195,14
DA:196,14
DA:202,14
DA:204,14
DA:205,14
DA:207,14
DA:208,4
DA:210,14
DA:211,14
DA:213,0
DA:214,0
DA:215,0
DA:216,0
DA:217,0
DA:224,0
DA:227,0
DA:236,14
DA:255,14
DA:256,14
DA:262,14
DA:263,14
DA:264,14
DA:266,14
DA:273,0
DA:274,0
DA:276,14
DA:278,14
DA:297,23
DA:298,0
DA:299,0
DA:302,23
DA:303,23
DA:306,23
DA:307,21
DA:314,2
DA:315,2
DA:319,23
DA:320,23
DA:323,23
DA:332,17
DA:333,17
DA:334,17
DA:335,17
DA:337,17
DA:338,1
DA:341,16
DA:342,16
DA:344,16
DA:347,2
DA:348,2
DA:351,14
DA:352,14
DA:353,14
DA:354,14
DA:355,14
DA:357,14
DA:358,65
DA:360,65
DA:361,14
DA:368,51
DA:369,14
DA:376,37
DA:377,23
DA:384,23
DA:385,0
DA:390,14
DA:397,14
DA:398,63
DA:399,2
DA:410,9
DA:411,2
DA:416,9
DA:424,5
DA:425,5
DA:426,22
DA:427,22
DA:428,22
DA:429,18
DA:432,5
DA:440,1
DA:441,1
DA:442,1
DA:443,4
DA:444,4
DA:445,4
DA:446,4
DA:448,4
DA:449,3
DA:450,3
DA:452,4
DA:453,1
DA:456,1
DA:466,7
DA:467,7
DA:471,74
DA:472,74
DA:473,7
DA:474,7
DA:475,22
DA:479,7
DA:486,7
DA:489,0
DA:496,5
DA:497,5
DA:499,5
DA:500,31
DA:501,31
DA:502,22
DA:503,22
DA:506,31
DA:507,7
DA:508,0
DA:516,24
DA:517,7
DA:525,7
DA:526,1
DA:532,17
DA:533,11
DA:540,11
DA:542,6
DA:549,6
DA:550,6
DA:563,1
DA:564,1
DA:566,1
DA:569,1
DA:576,1
DA:586,12
DA:587,12
DA:588,12
DA:589,12
DA:590,12
DA:591,0
DA:602,1
DA:603,1
DA:604,4
DA:605,2
DA:609,2
DA:611,4
DA:612,3
DA:615,1
DA:623,4
DA:624,4
DA:625,4
DA:626,27
DA:627,27
DA:628,16
DA:630,27
DA:631,22
DA:632,22
DA:634,27
DA:635,4
DA:638,4
DA:646,4
DA:647,4
DA:649,3
DA:652,3
DA:654,4
DA:662,2
DA:663,2
DA:664,1
DA:665,1
DA:666,0
DA:668,1
DA:675,2
LF:237
LH:205
BRDA:7,0,0,0
BRDA:7,0,1,1
BRDA:13,1,0,0
BRDA:13,1,1,1
BRDA:19,2,0,0
BRDA:19,2,1,1
BRDA:30,3,0,1
BRDA:69,4,0,0
BRDA:69,4,1,17
BRDA:69,5,0,17
BRDA:69,5,1,17
BRDA:74,6,0,17
BRDA:74,6,1,0
BRDA:74,7,0,17
BRDA:74,7,1,17
BRDA:78,8,0,1
BRDA:78,8,1,16
BRDA:97,9,0,19
BRDA:97,9,1,3
BRDA:98,10,0,0
BRDA:98,10,1,19
BRDA:105,11,0,0
BRDA:105,11,1,3
BRDA:152,12,0,14
BRDA:152,12,1,139
BRDA:175,13,0,0
BRDA:175,13,1,14
BRDA:181,14,0,14
BRDA:181,14,1,0
BRDA:189,15,0,4
BRDA:189,15,1,10
BRDA:199,16,0,14
BRDA:199,16,1,14
BRDA:200,17,0,14
BRDA:200,17,1,0
BRDA:202,18,0,14
BRDA:202,18,1,0
BRDA:204,19,0,14
BRDA:204,19,1,0
BRDA:204,20,0,14
BRDA:204,20,1,14
BRDA:207,21,0,4
BRDA:207,21,1,10
BRDA:214,22,0,0
BRDA:214,22,1,0
BRDA:215,23,0,0
BRDA:215,23,1,0
BRDA:255,24,0,14
BRDA:255,24,1,0
BRDA:263,25,0,14
BRDA:263,25,1,0
BRDA:263,26,0,14
BRDA:263,26,1,14
BRDA:297,27,0,0
BRDA:297,27,1,23
BRDA:302,28,0,23
BRDA:302,28,1,0
BRDA:306,29,0,21
BRDA:306,29,1,2
BRDA:319,30,0,23
BRDA:319,30,1,0
BRDA:319,31,0,23
BRDA:319,31,1,23
BRDA:337,32,0,1
BRDA:337,32,1,16
BRDA:344,33,0,2
BRDA:344,33,1,14
BRDA:360,34,0,14
BRDA:360,34,1,51
BRDA:368,35,0,14
BRDA:368,35,1,37
BRDA:376,36,0,23
BRDA:376,36,1,14
BRDA:384,37,0,0
BRDA:384,37,1,23
BRDA:398,38,0,2
BRDA:398,38,1,61
BRDA:428,39,0,18
BRDA:428,39,1,4
BRDA:444,40,0,0
BRDA:444,40,1,4
BRDA:448,41,0,3
BRDA:448,41,1,1
BRDA:452,42,0,1
BRDA:452,42,1,3
BRDA:452,43,0,4
BRDA:452,43,1,1
BRDA:472,44,0,7
BRDA:472,44,1,67
BRDA:501,45,0,22
BRDA:501,45,1,9
BRDA:506,46,0,7
BRDA:506,46,1,24
BRDA:507,47,0,0
BRDA:507,47,1,7
BRDA:516,48,0,7
BRDA:516,48,1,17
BRDA:525,49,0,1
BRDA:525,49,1,6
BRDA:532,50,0,11
BRDA:532,50,1,6
BRDA:549,51,0,6
BRDA:549,51,1,0
BRDA:563,52,0,1
BRDA:563,52,1,0
BRDA:586,53,0,12
BRDA:586,53,1,0
BRDA:588,54,0,12
BRDA:588,54,1,0
BRDA:588,55,0,12
BRDA:588,55,1,12
BRDA:590,56,0,0
BRDA:590,56,1,12
BRDA:604,57,0,2
BRDA:604,57,1,2
BRDA:611,58,0,3
BRDA:611,58,1,1
BRDA:627,59,0,16
BRDA:627,59,1,11
BRDA:630,60,0,22
BRDA:630,60,1,5
BRDA:634,61,0,4
BRDA:634,61,1,23
BRDA:634,62,0,27
BRDA:634,62,1,4
BRDA:649,63,0,3
BRDA:649,63,1,0
BRDA:665,64,0,0
BRDA:665,64,1,1
BRF:129
BRH:98
end_of_record
